VCD info: dumpfile sim/waves/priority_encoder.vcd opened for output.

=== Running Parameterized Priority Encoder Testbench ===
INPUT_LINES = 8, OUTPUT_LINES = 3

Testing all-zero case...
[PASS] data=00000000 → out=0 valid=0
Running exhaustive test for 8-bit encoder...
[PASS] data=00000000 → out=0 valid=0
[PASS] data=00000001 → out=0 valid=1
[PASS] data=00000010 → out=1 valid=1
[PASS] data=00000011 → out=1 valid=1
[PASS] data=00000100 → out=2 valid=1
[PASS] data=00000101 → out=2 valid=1
[PASS] data=00000110 → out=2 valid=1
[PASS] data=00000111 → out=2 valid=1
[PASS] data=00001000 → out=3 valid=1
[PASS] data=00001001 → out=3 valid=1
[PASS] data=00001010 → out=3 valid=1
[PASS] data=00001011 → out=3 valid=1
[PASS] data=00001100 → out=3 valid=1
[PASS] data=00001101 → out=3 valid=1
[PASS] data=00001110 → out=3 valid=1
[PASS] data=00001111 → out=3 valid=1
[PASS] data=00010000 → out=4 valid=1
[PASS] data=00010001 → out=4 valid=1
[PASS] data=00010010 → out=4 valid=1
[PASS] data=00010011 → out=4 valid=1
[PASS] data=00010100 → out=4 valid=1
[PASS] data=00010101 → out=4 valid=1
[PASS] data=00010110 → out=4 valid=1
[PASS] data=00010111 → out=4 valid=1
[PASS] data=00011000 → out=4 valid=1
[PASS] data=00011001 → out=4 valid=1
[PASS] data=00011010 → out=4 valid=1
[PASS] data=00011011 → out=4 valid=1
[PASS] data=00011100 → out=4 valid=1
[PASS] data=00011101 → out=4 valid=1
[PASS] data=00011110 → out=4 valid=1
[PASS] data=00011111 → out=4 valid=1
[PASS] data=00100000 → out=5 valid=1
[PASS] data=00100001 → out=5 valid=1
[PASS] data=00100010 → out=5 valid=1
[PASS] data=00100011 → out=5 valid=1
[PASS] data=00100100 → out=5 valid=1
[PASS] data=00100101 → out=5 valid=1
[PASS] data=00100110 → out=5 valid=1
[PASS] data=00100111 → out=5 valid=1
[PASS] data=00101000 → out=5 valid=1
[PASS] data=00101001 → out=5 valid=1
[PASS] data=00101010 → out=5 valid=1
[PASS] data=00101011 → out=5 valid=1
[PASS] data=00101100 → out=5 valid=1
[PASS] data=00101101 → out=5 valid=1
[PASS] data=00101110 → out=5 valid=1
[PASS] data=00101111 → out=5 valid=1
[PASS] data=00110000 → out=5 valid=1
[PASS] data=00110001 → out=5 valid=1
[PASS] data=00110010 → out=5 valid=1
[PASS] data=00110011 → out=5 valid=1
[PASS] data=00110100 → out=5 valid=1
[PASS] data=00110101 → out=5 valid=1
[PASS] data=00110110 → out=5 valid=1
[PASS] data=00110111 → out=5 valid=1
[PASS] data=00111000 → out=5 valid=1
[PASS] data=00111001 → out=5 valid=1
[PASS] data=00111010 → out=5 valid=1
[PASS] data=00111011 → out=5 valid=1
[PASS] data=00111100 → out=5 valid=1
[PASS] data=00111101 → out=5 valid=1
[PASS] data=00111110 → out=5 valid=1
[PASS] data=00111111 → out=5 valid=1
[PASS] data=01000000 → out=6 valid=1
[PASS] data=01000001 → out=6 valid=1
[PASS] data=01000010 → out=6 valid=1
[PASS] data=01000011 → out=6 valid=1
[PASS] data=01000100 → out=6 valid=1
[PASS] data=01000101 → out=6 valid=1
[PASS] data=01000110 → out=6 valid=1
[PASS] data=01000111 → out=6 valid=1
[PASS] data=01001000 → out=6 valid=1
[PASS] data=01001001 → out=6 valid=1
[PASS] data=01001010 → out=6 valid=1
[PASS] data=01001011 → out=6 valid=1
[PASS] data=01001100 → out=6 valid=1
[PASS] data=01001101 → out=6 valid=1
[PASS] data=01001110 → out=6 valid=1
[PASS] data=01001111 → out=6 valid=1
[PASS] data=01010000 → out=6 valid=1
[PASS] data=01010001 → out=6 valid=1
[PASS] data=01010010 → out=6 valid=1
[PASS] data=01010011 → out=6 valid=1
[PASS] data=01010100 → out=6 valid=1
[PASS] data=01010101 → out=6 valid=1
[PASS] data=01010110 → out=6 valid=1
[PASS] data=01010111 → out=6 valid=1
[PASS] data=01011000 → out=6 valid=1
[PASS] data=01011001 → out=6 valid=1
[PASS] data=01011010 → out=6 valid=1
[PASS] data=01011011 → out=6 valid=1
[PASS] data=01011100 → out=6 valid=1
[PASS] data=01011101 → out=6 valid=1
[PASS] data=01011110 → out=6 valid=1
[PASS] data=01011111 → out=6 valid=1
[PASS] data=01100000 → out=6 valid=1
[PASS] data=01100001 → out=6 valid=1
[PASS] data=01100010 → out=6 valid=1
[PASS] data=01100011 → out=6 valid=1
[PASS] data=01100100 → out=6 valid=1
[PASS] data=01100101 → out=6 valid=1
[PASS] data=01100110 → out=6 valid=1
[PASS] data=01100111 → out=6 valid=1
[PASS] data=01101000 → out=6 valid=1
[PASS] data=01101001 → out=6 valid=1
[PASS] data=01101010 → out=6 valid=1
[PASS] data=01101011 → out=6 valid=1
[PASS] data=01101100 → out=6 valid=1
[PASS] data=01101101 → out=6 valid=1
[PASS] data=01101110 → out=6 valid=1
[PASS] data=01101111 → out=6 valid=1
[PASS] data=01110000 → out=6 valid=1
[PASS] data=01110001 → out=6 valid=1
[PASS] data=01110010 → out=6 valid=1
[PASS] data=01110011 → out=6 valid=1
[PASS] data=01110100 → out=6 valid=1
[PASS] data=01110101 → out=6 valid=1
[PASS] data=01110110 → out=6 valid=1
[PASS] data=01110111 → out=6 valid=1
[PASS] data=01111000 → out=6 valid=1
[PASS] data=01111001 → out=6 valid=1
[PASS] data=01111010 → out=6 valid=1
[PASS] data=01111011 → out=6 valid=1
[PASS] data=01111100 → out=6 valid=1
[PASS] data=01111101 → out=6 valid=1
[PASS] data=01111110 → out=6 valid=1
[PASS] data=01111111 → out=6 valid=1
[PASS] data=10000000 → out=7 valid=1
[PASS] data=10000001 → out=7 valid=1
[PASS] data=10000010 → out=7 valid=1
[PASS] data=10000011 → out=7 valid=1
[PASS] data=10000100 → out=7 valid=1
[PASS] data=10000101 → out=7 valid=1
[PASS] data=10000110 → out=7 valid=1
[PASS] data=10000111 → out=7 valid=1
[PASS] data=10001000 → out=7 valid=1
[PASS] data=10001001 → out=7 valid=1
[PASS] data=10001010 → out=7 valid=1
[PASS] data=10001011 → out=7 valid=1
[PASS] data=10001100 → out=7 valid=1
[PASS] data=10001101 → out=7 valid=1
[PASS] data=10001110 → out=7 valid=1
[PASS] data=10001111 → out=7 valid=1
[PASS] data=10010000 → out=7 valid=1
[PASS] data=10010001 → out=7 valid=1
[PASS] data=10010010 → out=7 valid=1
[PASS] data=10010011 → out=7 valid=1
[PASS] data=10010100 → out=7 valid=1
[PASS] data=10010101 → out=7 valid=1
[PASS] data=10010110 → out=7 valid=1
[PASS] data=10010111 → out=7 valid=1
[PASS] data=10011000 → out=7 valid=1
[PASS] data=10011001 → out=7 valid=1
[PASS] data=10011010 → out=7 valid=1
[PASS] data=10011011 → out=7 valid=1
[PASS] data=10011100 → out=7 valid=1
[PASS] data=10011101 → out=7 valid=1
[PASS] data=10011110 → out=7 valid=1
[PASS] data=10011111 → out=7 valid=1
[PASS] data=10100000 → out=7 valid=1
[PASS] data=10100001 → out=7 valid=1
[PASS] data=10100010 → out=7 valid=1
[PASS] data=10100011 → out=7 valid=1
[PASS] data=10100100 → out=7 valid=1
[PASS] data=10100101 → out=7 valid=1
[PASS] data=10100110 → out=7 valid=1
[PASS] data=10100111 → out=7 valid=1
[PASS] data=10101000 → out=7 valid=1
[PASS] data=10101001 → out=7 valid=1
[PASS] data=10101010 → out=7 valid=1
[PASS] data=10101011 → out=7 valid=1
[PASS] data=10101100 → out=7 valid=1
[PASS] data=10101101 → out=7 valid=1
[PASS] data=10101110 → out=7 valid=1
[PASS] data=10101111 → out=7 valid=1
[PASS] data=10110000 → out=7 valid=1
[PASS] data=10110001 → out=7 valid=1
[PASS] data=10110010 → out=7 valid=1
[PASS] data=10110011 → out=7 valid=1
[PASS] data=10110100 → out=7 valid=1
[PASS] data=10110101 → out=7 valid=1
[PASS] data=10110110 → out=7 valid=1
[PASS] data=10110111 → out=7 valid=1
[PASS] data=10111000 → out=7 valid=1
[PASS] data=10111001 → out=7 valid=1
[PASS] data=10111010 → out=7 valid=1
[PASS] data=10111011 → out=7 valid=1
[PASS] data=10111100 → out=7 valid=1
[PASS] data=10111101 → out=7 valid=1
[PASS] data=10111110 → out=7 valid=1
[PASS] data=10111111 → out=7 valid=1
[PASS] data=11000000 → out=7 valid=1
[PASS] data=11000001 → out=7 valid=1
[PASS] data=11000010 → out=7 valid=1
[PASS] data=11000011 → out=7 valid=1
[PASS] data=11000100 → out=7 valid=1
[PASS] data=11000101 → out=7 valid=1
[PASS] data=11000110 → out=7 valid=1
[PASS] data=11000111 → out=7 valid=1
[PASS] data=11001000 → out=7 valid=1
[PASS] data=11001001 → out=7 valid=1
[PASS] data=11001010 → out=7 valid=1
[PASS] data=11001011 → out=7 valid=1
[PASS] data=11001100 → out=7 valid=1
[PASS] data=11001101 → out=7 valid=1
[PASS] data=11001110 → out=7 valid=1
[PASS] data=11001111 → out=7 valid=1
[PASS] data=11010000 → out=7 valid=1
[PASS] data=11010001 → out=7 valid=1
[PASS] data=11010010 → out=7 valid=1
[PASS] data=11010011 → out=7 valid=1
[PASS] data=11010100 → out=7 valid=1
[PASS] data=11010101 → out=7 valid=1
[PASS] data=11010110 → out=7 valid=1
[PASS] data=11010111 → out=7 valid=1
[PASS] data=11011000 → out=7 valid=1
[PASS] data=11011001 → out=7 valid=1
[PASS] data=11011010 → out=7 valid=1
[PASS] data=11011011 → out=7 valid=1
[PASS] data=11011100 → out=7 valid=1
[PASS] data=11011101 → out=7 valid=1
[PASS] data=11011110 → out=7 valid=1
[PASS] data=11011111 → out=7 valid=1
[PASS] data=11100000 → out=7 valid=1
[PASS] data=11100001 → out=7 valid=1
[PASS] data=11100010 → out=7 valid=1
[PASS] data=11100011 → out=7 valid=1
[PASS] data=11100100 → out=7 valid=1
[PASS] data=11100101 → out=7 valid=1
[PASS] data=11100110 → out=7 valid=1
[PASS] data=11100111 → out=7 valid=1
[PASS] data=11101000 → out=7 valid=1
[PASS] data=11101001 → out=7 valid=1
[PASS] data=11101010 → out=7 valid=1
[PASS] data=11101011 → out=7 valid=1
[PASS] data=11101100 → out=7 valid=1
[PASS] data=11101101 → out=7 valid=1
[PASS] data=11101110 → out=7 valid=1
[PASS] data=11101111 → out=7 valid=1
[PASS] data=11110000 → out=7 valid=1
[PASS] data=11110001 → out=7 valid=1
[PASS] data=11110010 → out=7 valid=1
[PASS] data=11110011 → out=7 valid=1
[PASS] data=11110100 → out=7 valid=1
[PASS] data=11110101 → out=7 valid=1
[PASS] data=11110110 → out=7 valid=1
[PASS] data=11110111 → out=7 valid=1
[PASS] data=11111000 → out=7 valid=1
[PASS] data=11111001 → out=7 valid=1
[PASS] data=11111010 → out=7 valid=1
[PASS] data=11111011 → out=7 valid=1
[PASS] data=11111100 → out=7 valid=1
[PASS] data=11111101 → out=7 valid=1
[PASS] data=11111110 → out=7 valid=1
[PASS] data=11111111 → out=7 valid=1

=== TESTBENCH COMPLETED SUCCESSFULLY ===
tb/core_basics/priority_encoder_tb.sv:110: $finish called at 257000 (1ps)
